[0.649s] Invoking command in '/home/debraj/ros2_ws/src/build/turtle_controller': PYTHONPATH=/home/debraj/ros2_ws/src/build/turtle_controller/prefix_override:/usr/lib/python3/dist-packages/colcon_core/task/python/colcon_distutils_commands:/home/debraj/ros2_ws/src/install/turtle_controller/lib/python3.10/site-packages:${PYTHONPATH} /usr/bin/python3 -W ignore:setup.py install is deprecated -W ignore:easy_install command is deprecated setup.py develop --editable --build-directory /home/debraj/ros2_ws/src/build/turtle_controller/build --no-deps symlink_data
[0.848s] running develop
[0.948s] running egg_info
[0.948s] creating turtle_controller.egg-info
[0.948s] writing turtle_controller.egg-info/PKG-INFO
[0.948s] writing dependency_links to turtle_controller.egg-info/dependency_links.txt
[0.948s] writing entry points to turtle_controller.egg-info/entry_points.txt
[0.948s] writing requirements to turtle_controller.egg-info/requires.txt
[0.948s] writing top-level names to turtle_controller.egg-info/top_level.txt
[0.948s] writing manifest file 'turtle_controller.egg-info/SOURCES.txt'
[0.948s] reading manifest file 'turtle_controller.egg-info/SOURCES.txt'
[0.949s] writing manifest file 'turtle_controller.egg-info/SOURCES.txt'
[0.952s] running build_ext
[0.952s] Creating /home/debraj/ros2_ws/src/install/turtle_controller/lib/python3.10/site-packages/turtle-controller.egg-link (link to .)
[0.953s] 
[0.953s] Installed /home/debraj/ros2_ws/src/build/turtle_controller
[0.953s] running symlink_data
[0.953s] creating /home/debraj/ros2_ws/src/install/turtle_controller/share/ament_index
[0.953s] creating /home/debraj/ros2_ws/src/install/turtle_controller/share/ament_index/resource_index
[0.953s] creating /home/debraj/ros2_ws/src/install/turtle_controller/share/ament_index/resource_index/packages
[0.954s] symbolically linking /home/debraj/ros2_ws/src/build/turtle_controller/resource/turtle_controller -> /home/debraj/ros2_ws/src/install/turtle_controller/share/ament_index/resource_index/packages
[0.954s] symbolically linking /home/debraj/ros2_ws/src/build/turtle_controller/package.xml -> /home/debraj/ros2_ws/src/install/turtle_controller/share/turtle_controller
[1.006s] Invoked command in '/home/debraj/ros2_ws/src/build/turtle_controller' returned '0': PYTHONPATH=/home/debraj/ros2_ws/src/build/turtle_controller/prefix_override:/usr/lib/python3/dist-packages/colcon_core/task/python/colcon_distutils_commands:/home/debraj/ros2_ws/src/install/turtle_controller/lib/python3.10/site-packages:${PYTHONPATH} /usr/bin/python3 -W ignore:setup.py install is deprecated -W ignore:easy_install command is deprecated setup.py develop --editable --build-directory /home/debraj/ros2_ws/src/build/turtle_controller/build --no-deps symlink_data
