[0.652s] Invoking command in '/home/debraj/ros2_ws/src/build/my_robot_controller': PYTHONPATH=/home/debraj/ros2_ws/src/build/my_robot_controller/prefix_override:/usr/lib/python3/dist-packages/colcon_core/task/python/colcon_distutils_commands:/home/debraj/ros2_ws/src/install/my_robot_controller/lib/python3.10/site-packages:${PYTHONPATH} /usr/bin/python3 -W ignore:setup.py install is deprecated -W ignore:easy_install command is deprecated setup.py develop --editable --build-directory /home/debraj/ros2_ws/src/build/my_robot_controller/build --no-deps symlink_data
[0.850s] running develop
[0.950s] running egg_info
[0.950s] creating my_robot_controller.egg-info
[0.950s] writing my_robot_controller.egg-info/PKG-INFO
[0.950s] writing dependency_links to my_robot_controller.egg-info/dependency_links.txt
[0.951s] writing entry points to my_robot_controller.egg-info/entry_points.txt
[0.951s] writing requirements to my_robot_controller.egg-info/requires.txt
[0.951s] writing top-level names to my_robot_controller.egg-info/top_level.txt
[0.951s] writing manifest file 'my_robot_controller.egg-info/SOURCES.txt'
[0.952s] reading manifest file 'my_robot_controller.egg-info/SOURCES.txt'
[0.953s] writing manifest file 'my_robot_controller.egg-info/SOURCES.txt'
[0.957s] running build_ext
[0.957s] Creating /home/debraj/ros2_ws/src/install/my_robot_controller/lib/python3.10/site-packages/my-robot-controller.egg-link (link to .)
[0.957s] Installing draw_circle script to /home/debraj/ros2_ws/src/install/my_robot_controller/lib/my_robot_controller
[0.957s] Installing test_node script to /home/debraj/ros2_ws/src/install/my_robot_controller/lib/my_robot_controller
[0.957s] Installing turtle_controller script to /home/debraj/ros2_ws/src/install/my_robot_controller/lib/my_robot_controller
[0.957s] 
[0.957s] Installed /home/debraj/ros2_ws/src/build/my_robot_controller
[0.957s] running symlink_data
[0.957s] creating /home/debraj/ros2_ws/src/install/my_robot_controller/share/ament_index
[0.957s] creating /home/debraj/ros2_ws/src/install/my_robot_controller/share/ament_index/resource_index
[0.961s] creating /home/debraj/ros2_ws/src/install/my_robot_controller/share/ament_index/resource_index/packages
[0.961s] symbolically linking /home/debraj/ros2_ws/src/build/my_robot_controller/resource/my_robot_controller -> /home/debraj/ros2_ws/src/install/my_robot_controller/share/ament_index/resource_index/packages
[0.961s] symbolically linking /home/debraj/ros2_ws/src/build/my_robot_controller/package.xml -> /home/debraj/ros2_ws/src/install/my_robot_controller/share/my_robot_controller
[1.002s] Invoked command in '/home/debraj/ros2_ws/src/build/my_robot_controller' returned '0': PYTHONPATH=/home/debraj/ros2_ws/src/build/my_robot_controller/prefix_override:/usr/lib/python3/dist-packages/colcon_core/task/python/colcon_distutils_commands:/home/debraj/ros2_ws/src/install/my_robot_controller/lib/python3.10/site-packages:${PYTHONPATH} /usr/bin/python3 -W ignore:setup.py install is deprecated -W ignore:easy_install command is deprecated setup.py develop --editable --build-directory /home/debraj/ros2_ws/src/build/my_robot_controller/build --no-deps symlink_data
