[0.718s] Invoking command in '/home/debraj/ros2_kratos/ros2_ws/build/turtle_controller': PYTHONPATH=/home/debraj/ros2_kratos/ros2_ws/build/turtle_controller/prefix_override:/usr/lib/python3/dist-packages/colcon_core/task/python/colcon_distutils_commands:/home/debraj/ros2_kratos/ros2_ws/install/turtle_controller/lib/python3.10/site-packages:${PYTHONPATH} /usr/bin/python3 -W ignore:setup.py install is deprecated -W ignore:easy_install command is deprecated setup.py develop --editable --build-directory /home/debraj/ros2_kratos/ros2_ws/build/turtle_controller/build --no-deps symlink_data
[0.911s] running develop
[0.993s] running egg_info
[0.993s] creating turtle_controller.egg-info
[0.995s] writing turtle_controller.egg-info/PKG-INFO
[0.995s] writing dependency_links to turtle_controller.egg-info/dependency_links.txt
[0.995s] writing entry points to turtle_controller.egg-info/entry_points.txt
[0.995s] writing requirements to turtle_controller.egg-info/requires.txt
[0.995s] writing top-level names to turtle_controller.egg-info/top_level.txt
[0.995s] writing manifest file 'turtle_controller.egg-info/SOURCES.txt'
[0.998s] reading manifest file 'turtle_controller.egg-info/SOURCES.txt'
[0.998s] writing manifest file 'turtle_controller.egg-info/SOURCES.txt'
[1.003s] running build_ext
[1.004s] Creating /home/debraj/ros2_kratos/ros2_ws/install/turtle_controller/lib/python3.10/site-packages/turtle-controller.egg-link (link to .)
[1.004s] Installing turtle_velocity script to /home/debraj/ros2_kratos/ros2_ws/install/turtle_controller/lib/turtle_controller
[1.004s] 
[1.004s] Installed /home/debraj/ros2_kratos/ros2_ws/build/turtle_controller
[1.004s] running symlink_data
[1.004s] creating /home/debraj/ros2_kratos/ros2_ws/install/turtle_controller/share/ament_index
[1.004s] creating /home/debraj/ros2_kratos/ros2_ws/install/turtle_controller/share/ament_index/resource_index
[1.004s] creating /home/debraj/ros2_kratos/ros2_ws/install/turtle_controller/share/ament_index/resource_index/packages
[1.004s] symbolically linking /home/debraj/ros2_kratos/ros2_ws/build/turtle_controller/resource/turtle_controller -> /home/debraj/ros2_kratos/ros2_ws/install/turtle_controller/share/ament_index/resource_index/packages
[1.004s] symbolically linking /home/debraj/ros2_kratos/ros2_ws/build/turtle_controller/package.xml -> /home/debraj/ros2_kratos/ros2_ws/install/turtle_controller/share/turtle_controller
[1.034s] Invoked command in '/home/debraj/ros2_kratos/ros2_ws/build/turtle_controller' returned '0': PYTHONPATH=/home/debraj/ros2_kratos/ros2_ws/build/turtle_controller/prefix_override:/usr/lib/python3/dist-packages/colcon_core/task/python/colcon_distutils_commands:/home/debraj/ros2_kratos/ros2_ws/install/turtle_controller/lib/python3.10/site-packages:${PYTHONPATH} /usr/bin/python3 -W ignore:setup.py install is deprecated -W ignore:easy_install command is deprecated setup.py develop --editable --build-directory /home/debraj/ros2_kratos/ros2_ws/build/turtle_controller/build --no-deps symlink_data
