[0.422s] Invoking command in '/home/debraj/ros2_ws/build/my_robot_controller': PYTHONPATH=/home/debraj/ros2_ws/build/my_robot_controller/prefix_override:/usr/lib/python3/dist-packages/colcon_core/task/python/colcon_distutils_commands:/home/debraj/ros2_ws/install/my_robot_controller/lib/python3.10/site-packages:${PYTHONPATH} /usr/bin/python3 -W ignore:setup.py install is deprecated -W ignore:easy_install command is deprecated setup.py develop --editable --build-directory /home/debraj/ros2_ws/build/my_robot_controller/build --no-deps symlink_data
[0.583s] running develop
[0.675s] running egg_info
[0.675s] creating my_robot_controller.egg-info
[0.675s] writing my_robot_controller.egg-info/PKG-INFO
[0.676s] writing dependency_links to my_robot_controller.egg-info/dependency_links.txt
[0.676s] writing entry points to my_robot_controller.egg-info/entry_points.txt
[0.676s] writing requirements to my_robot_controller.egg-info/requires.txt
[0.676s] writing top-level names to my_robot_controller.egg-info/top_level.txt
[0.676s] writing manifest file 'my_robot_controller.egg-info/SOURCES.txt'
[0.678s] reading manifest file 'my_robot_controller.egg-info/SOURCES.txt'
[0.678s] writing manifest file 'my_robot_controller.egg-info/SOURCES.txt'
[0.680s] running build_ext
[0.680s] Creating /home/debraj/ros2_ws/install/my_robot_controller/lib/python3.10/site-packages/my-robot-controller.egg-link (link to .)
[0.681s] Installing test_node script to /home/debraj/ros2_ws/install/my_robot_controller/lib/my_robot_controller
[0.681s] 
[0.681s] Installed /home/debraj/ros2_ws/build/my_robot_controller
[0.681s] running symlink_data
[0.681s] creating /home/debraj/ros2_ws/install/my_robot_controller/share/ament_index
[0.681s] creating /home/debraj/ros2_ws/install/my_robot_controller/share/ament_index/resource_index
[0.681s] creating /home/debraj/ros2_ws/install/my_robot_controller/share/ament_index/resource_index/packages
[0.681s] symbolically linking /home/debraj/ros2_ws/build/my_robot_controller/resource/my_robot_controller -> /home/debraj/ros2_ws/install/my_robot_controller/share/ament_index/resource_index/packages
[0.682s] symbolically linking /home/debraj/ros2_ws/build/my_robot_controller/package.xml -> /home/debraj/ros2_ws/install/my_robot_controller/share/my_robot_controller
[0.705s] Invoked command in '/home/debraj/ros2_ws/build/my_robot_controller' returned '0': PYTHONPATH=/home/debraj/ros2_ws/build/my_robot_controller/prefix_override:/usr/lib/python3/dist-packages/colcon_core/task/python/colcon_distutils_commands:/home/debraj/ros2_ws/install/my_robot_controller/lib/python3.10/site-packages:${PYTHONPATH} /usr/bin/python3 -W ignore:setup.py install is deprecated -W ignore:easy_install command is deprecated setup.py develop --editable --build-directory /home/debraj/ros2_ws/build/my_robot_controller/build --no-deps symlink_data
