[1.127s] DEBUG:colcon:Command line arguments: ['/usr/bin/colcon', 'build', '--symlink-install']
[1.127s] DEBUG:colcon:Parsed command line arguments: Namespace(log_base=None, log_level=None, verb_name='build', build_base='build', install_base='install', merge_install=False, symlink_install=True, test_result_base=None, continue_on_error=False, executor='parallel', parallel_workers=6, event_handlers=None, ignore_user_meta=False, metas=['./colcon.meta'], base_paths=['.'], packages_ignore=None, packages_ignore_regex=None, paths=None, packages_up_to=None, packages_up_to_regex=None, packages_above=None, packages_above_and_dependencies=None, packages_above_depth=None, packages_select_by_dep=None, packages_skip_by_dep=None, packages_skip_up_to=None, packages_select_build_failed=False, packages_skip_build_finished=False, packages_select_test_failures=False, packages_skip_test_passed=False, packages_select=None, packages_skip=None, packages_select_regex=None, packages_skip_regex=None, packages_start=None, packages_end=None, allow_overriding=[], cmake_args=None, cmake_target=None, cmake_target_skip_unavailable=False, cmake_clean_cache=False, cmake_clean_first=False, cmake_force_configure=False, ament_cmake_args=None, catkin_cmake_args=None, catkin_skip_building_tests=False, mixin_files=None, mixin=None, verb_parser=<colcon_mixin.mixin.mixin_argument.MixinArgumentDecorator object at 0x7b1bd4df2320>, verb_extension=<colcon_core.verb.build.BuildVerb object at 0x7b1bd4df1de0>, main=<bound method BuildVerb.main of <colcon_core.verb.build.BuildVerb object at 0x7b1bd4df1de0>>, mixin_verb=('build',))
[1.969s] Level 1:colcon.colcon_core.package_discovery:discover_packages(colcon_meta) check parameters
[1.969s] Level 1:colcon.colcon_core.package_discovery:discover_packages(recursive) check parameters
[1.969s] Level 1:colcon.colcon_core.package_discovery:discover_packages(ignore) check parameters
[1.969s] Level 1:colcon.colcon_core.package_discovery:discover_packages(path) check parameters
[1.969s] Level 1:colcon.colcon_core.package_discovery:discover_packages(colcon_meta) discover
[1.969s] Level 1:colcon.colcon_core.package_discovery:discover_packages(recursive) discover
[1.969s] INFO:colcon.colcon_core.package_discovery:Crawling recursively for packages in '/home/debraj/ros2_kratos/ros2_ws'
[1.969s] Level 1:colcon.colcon_core.package_identification:_identify(.) by extensions ['ignore', 'ignore_ament_install']
[1.970s] Level 1:colcon.colcon_core.package_identification:_identify(.) by extension 'ignore'
[1.970s] Level 1:colcon.colcon_core.package_identification:_identify(.) by extension 'ignore_ament_install'
[1.970s] Level 1:colcon.colcon_core.package_identification:_identify(.) by extensions ['colcon_pkg']
[1.970s] Level 1:colcon.colcon_core.package_identification:_identify(.) by extension 'colcon_pkg'
[1.970s] Level 1:colcon.colcon_core.package_identification:_identify(.) by extensions ['colcon_meta']
[1.970s] Level 1:colcon.colcon_core.package_identification:_identify(.) by extension 'colcon_meta'
[1.970s] Level 1:colcon.colcon_core.package_identification:_identify(.) by extensions ['ros']
[1.970s] Level 1:colcon.colcon_core.package_identification:_identify(.) by extension 'ros'
[2.005s] Level 1:colcon.colcon_core.package_identification:_identify(.) by extensions ['cmake', 'python']
[2.005s] Level 1:colcon.colcon_core.package_identification:_identify(.) by extension 'cmake'
[2.005s] Level 1:colcon.colcon_core.package_identification:_identify(.) by extension 'python'
[2.005s] Level 1:colcon.colcon_core.package_identification:_identify(.) by extensions ['python_setup_py']
[2.005s] Level 1:colcon.colcon_core.package_identification:_identify(.) by extension 'python_setup_py'
[2.006s] Level 1:colcon.colcon_core.package_identification:_identify(build) by extensions ['ignore', 'ignore_ament_install']
[2.006s] Level 1:colcon.colcon_core.package_identification:_identify(build) by extension 'ignore'
[2.006s] Level 1:colcon.colcon_core.package_identification:_identify(build) ignored
[2.006s] Level 1:colcon.colcon_core.package_identification:_identify(install) by extensions ['ignore', 'ignore_ament_install']
[2.006s] Level 1:colcon.colcon_core.package_identification:_identify(install) by extension 'ignore'
[2.007s] Level 1:colcon.colcon_core.package_identification:_identify(install) ignored
[2.007s] Level 1:colcon.colcon_core.package_identification:_identify(log) by extensions ['ignore', 'ignore_ament_install']
[2.007s] Level 1:colcon.colcon_core.package_identification:_identify(log) by extension 'ignore'
[2.007s] Level 1:colcon.colcon_core.package_identification:_identify(log) ignored
[2.007s] Level 1:colcon.colcon_core.package_identification:_identify(src) by extensions ['ignore', 'ignore_ament_install']
[2.007s] Level 1:colcon.colcon_core.package_identification:_identify(src) by extension 'ignore'
[2.007s] Level 1:colcon.colcon_core.package_identification:_identify(src) by extension 'ignore_ament_install'
[2.007s] Level 1:colcon.colcon_core.package_identification:_identify(src) by extensions ['colcon_pkg']
[2.007s] Level 1:colcon.colcon_core.package_identification:_identify(src) by extension 'colcon_pkg'
[2.007s] Level 1:colcon.colcon_core.package_identification:_identify(src) by extensions ['colcon_meta']
[2.007s] Level 1:colcon.colcon_core.package_identification:_identify(src) by extension 'colcon_meta'
[2.007s] Level 1:colcon.colcon_core.package_identification:_identify(src) by extensions ['ros']
[2.008s] Level 1:colcon.colcon_core.package_identification:_identify(src) by extension 'ros'
[2.008s] Level 1:colcon.colcon_core.package_identification:_identify(src) by extensions ['cmake', 'python']
[2.008s] Level 1:colcon.colcon_core.package_identification:_identify(src) by extension 'cmake'
[2.008s] Level 1:colcon.colcon_core.package_identification:_identify(src) by extension 'python'
[2.008s] Level 1:colcon.colcon_core.package_identification:_identify(src) by extensions ['python_setup_py']
[2.008s] Level 1:colcon.colcon_core.package_identification:_identify(src) by extension 'python_setup_py'
[2.008s] Level 1:colcon.colcon_core.package_identification:_identify(src/build) by extensions ['ignore', 'ignore_ament_install']
[2.008s] Level 1:colcon.colcon_core.package_identification:_identify(src/build) by extension 'ignore'
[2.008s] Level 1:colcon.colcon_core.package_identification:_identify(src/build) ignored
[2.008s] Level 1:colcon.colcon_core.package_identification:_identify(src/install) by extensions ['ignore', 'ignore_ament_install']
[2.008s] Level 1:colcon.colcon_core.package_identification:_identify(src/install) by extension 'ignore'
[2.008s] Level 1:colcon.colcon_core.package_identification:_identify(src/install) ignored
[2.008s] Level 1:colcon.colcon_core.package_identification:_identify(src/log) by extensions ['ignore', 'ignore_ament_install']
[2.008s] Level 1:colcon.colcon_core.package_identification:_identify(src/log) by extension 'ignore'
[2.009s] Level 1:colcon.colcon_core.package_identification:_identify(src/log) ignored
[2.009s] Level 1:colcon.colcon_core.package_identification:_identify(src/my_robot_controller) by extensions ['ignore', 'ignore_ament_install']
[2.009s] Level 1:colcon.colcon_core.package_identification:_identify(src/my_robot_controller) by extension 'ignore'
[2.009s] Level 1:colcon.colcon_core.package_identification:_identify(src/my_robot_controller) by extension 'ignore_ament_install'
[2.009s] Level 1:colcon.colcon_core.package_identification:_identify(src/my_robot_controller) by extensions ['colcon_pkg']
[2.009s] Level 1:colcon.colcon_core.package_identification:_identify(src/my_robot_controller) by extension 'colcon_pkg'
[2.009s] Level 1:colcon.colcon_core.package_identification:_identify(src/my_robot_controller) by extensions ['colcon_meta']
[2.009s] Level 1:colcon.colcon_core.package_identification:_identify(src/my_robot_controller) by extension 'colcon_meta'
[2.009s] Level 1:colcon.colcon_core.package_identification:_identify(src/my_robot_controller) by extensions ['ros']
[2.009s] Level 1:colcon.colcon_core.package_identification:_identify(src/my_robot_controller) by extension 'ros'
[2.020s] DEBUG:colcon.colcon_core.package_identification:Package 'src/my_robot_controller' with type 'ros.ament_python' and name 'my_robot_controller'
[2.021s] Level 1:colcon.colcon_core.package_identification:_identify(src/turtle_controller) by extensions ['ignore', 'ignore_ament_install']
[2.021s] Level 1:colcon.colcon_core.package_identification:_identify(src/turtle_controller) by extension 'ignore'
[2.021s] Level 1:colcon.colcon_core.package_identification:_identify(src/turtle_controller) by extension 'ignore_ament_install'
[2.021s] Level 1:colcon.colcon_core.package_identification:_identify(src/turtle_controller) by extensions ['colcon_pkg']
[2.021s] Level 1:colcon.colcon_core.package_identification:_identify(src/turtle_controller) by extension 'colcon_pkg'
[2.021s] Level 1:colcon.colcon_core.package_identification:_identify(src/turtle_controller) by extensions ['colcon_meta']
[2.021s] Level 1:colcon.colcon_core.package_identification:_identify(src/turtle_controller) by extension 'colcon_meta'
[2.021s] Level 1:colcon.colcon_core.package_identification:_identify(src/turtle_controller) by extensions ['ros']
[2.021s] Level 1:colcon.colcon_core.package_identification:_identify(src/turtle_controller) by extension 'ros'
[2.023s] DEBUG:colcon.colcon_core.package_identification:Package 'src/turtle_controller' with type 'ros.ament_python' and name 'turtle_controller'
[2.023s] Level 1:colcon.colcon_core.package_discovery:discover_packages(recursive) using defaults
[2.023s] Level 1:colcon.colcon_core.package_discovery:discover_packages(ignore) discover
[2.023s] Level 1:colcon.colcon_core.package_discovery:discover_packages(ignore) using defaults
[2.023s] Level 1:colcon.colcon_core.package_discovery:discover_packages(path) discover
[2.023s] Level 1:colcon.colcon_core.package_discovery:discover_packages(path) using defaults
[2.130s] Level 1:colcon.colcon_core.package_discovery:discover_packages(prefix_path) check parameters
[2.130s] Level 1:colcon.colcon_core.package_discovery:discover_packages(prefix_path) discover
[2.140s] DEBUG:colcon.colcon_installed_package_information.package_discovery:Found 2 installed packages in /home/debraj/ros2_kratos/ros2_ws/install
[2.142s] DEBUG:colcon.colcon_installed_package_information.package_discovery:Found 337 installed packages in /opt/ros/humble
[2.144s] Level 1:colcon.colcon_core.package_discovery:discover_packages(prefix_path) using defaults
[2.206s] Level 5:colcon.colcon_core.verb:set package 'my_robot_controller' build argument 'cmake_args' from command line to 'None'
[2.206s] Level 5:colcon.colcon_core.verb:set package 'my_robot_controller' build argument 'cmake_target' from command line to 'None'
[2.206s] Level 5:colcon.colcon_core.verb:set package 'my_robot_controller' build argument 'cmake_target_skip_unavailable' from command line to 'False'
[2.206s] Level 5:colcon.colcon_core.verb:set package 'my_robot_controller' build argument 'cmake_clean_cache' from command line to 'False'
[2.206s] Level 5:colcon.colcon_core.verb:set package 'my_robot_controller' build argument 'cmake_clean_first' from command line to 'False'
[2.206s] Level 5:colcon.colcon_core.verb:set package 'my_robot_controller' build argument 'cmake_force_configure' from command line to 'False'
[2.206s] Level 5:colcon.colcon_core.verb:set package 'my_robot_controller' build argument 'ament_cmake_args' from command line to 'None'
[2.206s] Level 5:colcon.colcon_core.verb:set package 'my_robot_controller' build argument 'catkin_cmake_args' from command line to 'None'
[2.206s] Level 5:colcon.colcon_core.verb:set package 'my_robot_controller' build argument 'catkin_skip_building_tests' from command line to 'False'
[2.206s] DEBUG:colcon.colcon_core.verb:Building package 'my_robot_controller' with the following arguments: {'ament_cmake_args': None, 'build_base': '/home/debraj/ros2_kratos/ros2_ws/build/my_robot_controller', 'catkin_cmake_args': None, 'catkin_skip_building_tests': False, 'cmake_args': None, 'cmake_clean_cache': False, 'cmake_clean_first': False, 'cmake_force_configure': False, 'cmake_target': None, 'cmake_target_skip_unavailable': False, 'install_base': '/home/debraj/ros2_kratos/ros2_ws/install/my_robot_controller', 'merge_install': False, 'path': '/home/debraj/ros2_kratos/ros2_ws/src/my_robot_controller', 'symlink_install': True, 'test_result_base': None}
[2.207s] Level 5:colcon.colcon_core.verb:set package 'turtle_controller' build argument 'cmake_args' from command line to 'None'
[2.208s] Level 5:colcon.colcon_core.verb:set package 'turtle_controller' build argument 'cmake_target' from command line to 'None'
[2.208s] Level 5:colcon.colcon_core.verb:set package 'turtle_controller' build argument 'cmake_target_skip_unavailable' from command line to 'False'
[2.208s] Level 5:colcon.colcon_core.verb:set package 'turtle_controller' build argument 'cmake_clean_cache' from command line to 'False'
[2.208s] Level 5:colcon.colcon_core.verb:set package 'turtle_controller' build argument 'cmake_clean_first' from command line to 'False'
[2.208s] Level 5:colcon.colcon_core.verb:set package 'turtle_controller' build argument 'cmake_force_configure' from command line to 'False'
[2.208s] Level 5:colcon.colcon_core.verb:set package 'turtle_controller' build argument 'ament_cmake_args' from command line to 'None'
[2.208s] Level 5:colcon.colcon_core.verb:set package 'turtle_controller' build argument 'catkin_cmake_args' from command line to 'None'
[2.208s] Level 5:colcon.colcon_core.verb:set package 'turtle_controller' build argument 'catkin_skip_building_tests' from command line to 'False'
[2.208s] DEBUG:colcon.colcon_core.verb:Building package 'turtle_controller' with the following arguments: {'ament_cmake_args': None, 'build_base': '/home/debraj/ros2_kratos/ros2_ws/build/turtle_controller', 'catkin_cmake_args': None, 'catkin_skip_building_tests': False, 'cmake_args': None, 'cmake_clean_cache': False, 'cmake_clean_first': False, 'cmake_force_configure': False, 'cmake_target': None, 'cmake_target_skip_unavailable': False, 'install_base': '/home/debraj/ros2_kratos/ros2_ws/install/turtle_controller', 'merge_install': False, 'path': '/home/debraj/ros2_kratos/ros2_ws/src/turtle_controller', 'symlink_install': True, 'test_result_base': None}
[2.208s] INFO:colcon.colcon_core.executor:Executing jobs using 'parallel' executor
[2.215s] DEBUG:colcon.colcon_parallel_executor.executor.parallel:run_until_complete
[2.216s] INFO:colcon.colcon_ros.task.ament_python.build:Building ROS package in '/home/debraj/ros2_kratos/ros2_ws/src/my_robot_controller' with build type 'ament_python'
[2.217s] Level 1:colcon.colcon_core.shell:create_environment_hook('my_robot_controller', 'ament_prefix_path')
[2.253s] INFO:colcon.colcon_core.plugin_system:Skipping extension 'colcon_core.shell.bat': Not used on non-Windows systems
[2.253s] INFO:colcon.colcon_core.shell:Creating environment hook '/home/debraj/ros2_kratos/ros2_ws/install/my_robot_controller/share/my_robot_controller/hook/ament_prefix_path.ps1'
[2.256s] INFO:colcon.colcon_core.shell:Creating environment descriptor '/home/debraj/ros2_kratos/ros2_ws/install/my_robot_controller/share/my_robot_controller/hook/ament_prefix_path.dsv'
[2.259s] INFO:colcon.colcon_core.shell:Creating environment hook '/home/debraj/ros2_kratos/ros2_ws/install/my_robot_controller/share/my_robot_controller/hook/ament_prefix_path.sh'
[2.263s] INFO:colcon.colcon_core.shell:Skip shell extension 'powershell' for command environment: Not usable outside of PowerShell
[2.263s] DEBUG:colcon.colcon_core.shell:Skip shell extension 'dsv' for command environment
[2.270s] INFO:colcon.colcon_ros.task.ament_python.build:Building ROS package in '/home/debraj/ros2_kratos/ros2_ws/src/turtle_controller' with build type 'ament_python'
[2.271s] Level 1:colcon.colcon_core.shell:create_environment_hook('turtle_controller', 'ament_prefix_path')
[2.271s] INFO:colcon.colcon_core.shell:Creating environment hook '/home/debraj/ros2_kratos/ros2_ws/install/turtle_controller/share/turtle_controller/hook/ament_prefix_path.ps1'
[2.272s] INFO:colcon.colcon_core.shell:Creating environment descriptor '/home/debraj/ros2_kratos/ros2_ws/install/turtle_controller/share/turtle_controller/hook/ament_prefix_path.dsv'
[2.275s] INFO:colcon.colcon_core.shell:Creating environment hook '/home/debraj/ros2_kratos/ros2_ws/install/turtle_controller/share/turtle_controller/hook/ament_prefix_path.sh'
[2.282s] INFO:colcon.colcon_core.shell:Skip shell extension 'powershell' for command environment: Not usable outside of PowerShell
[2.282s] DEBUG:colcon.colcon_core.shell:Skip shell extension 'dsv' for command environment
[2.822s] INFO:colcon.colcon_core.task.python.build:Building Python package in '/home/debraj/ros2_kratos/ros2_ws/src/my_robot_controller'
[2.823s] INFO:colcon.colcon_core.shell:Skip shell extension 'powershell' for command environment: Not usable outside of PowerShell
[2.824s] DEBUG:colcon.colcon_core.shell:Skip shell extension 'dsv' for command environment
[3.311s] INFO:colcon.colcon_core.task.python.build:Building Python package in '/home/debraj/ros2_kratos/ros2_ws/src/turtle_controller'
[3.311s] INFO:colcon.colcon_core.shell:Skip shell extension 'powershell' for command environment: Not usable outside of PowerShell
[3.312s] DEBUG:colcon.colcon_core.shell:Skip shell extension 'dsv' for command environment
[4.311s] DEBUG:colcon.colcon_core.event_handler.log_command:Invoking command in '/home/debraj/ros2_kratos/ros2_ws/build/my_robot_controller': PYTHONPATH=/home/debraj/ros2_kratos/ros2_ws/build/my_robot_controller/prefix_override:/usr/lib/python3/dist-packages/colcon_core/task/python/colcon_distutils_commands:/home/debraj/ros2_kratos/ros2_ws/install/my_robot_controller/lib/python3.10/site-packages:${PYTHONPATH} /usr/bin/python3 -W ignore:setup.py install is deprecated -W ignore:easy_install command is deprecated setup.py develop --editable --build-directory /home/debraj/ros2_kratos/ros2_ws/build/my_robot_controller/build --no-deps symlink_data
[4.332s] DEBUG:colcon.colcon_core.task.python.build:While undoing a previous installation files outside the Python library path are being ignored: /home/debraj/ros2_kratos/ros2_ws/install/turtle_controller/share/ament_index/resource_index/packages/turtle_controller
[4.332s] DEBUG:colcon.colcon_core.task.python.build:While undoing a previous installation files outside the Python library path are being ignored: /home/debraj/ros2_kratos/ros2_ws/install/turtle_controller/share/turtle_controller/package.xml
[4.332s] DEBUG:colcon.colcon_core.task.python.build:While undoing a previous installation files outside the Python library path are being ignored: /home/debraj/ros2_kratos/ros2_ws/install/turtle_controller/lib/turtle_controller/turtle_velocity
[4.348s] DEBUG:colcon.colcon_core.event_handler.log_command:Invoking command in '/home/debraj/ros2_kratos/ros2_ws/build/turtle_controller': PYTHONPATH=/home/debraj/ros2_kratos/ros2_ws/build/turtle_controller/prefix_override:/usr/lib/python3/dist-packages/colcon_core/task/python/colcon_distutils_commands:/home/debraj/ros2_kratos/ros2_ws/install/turtle_controller/lib/python3.10/site-packages:${PYTHONPATH} /usr/bin/python3 -W ignore:setup.py install is deprecated -W ignore:easy_install command is deprecated setup.py develop --editable --build-directory /home/debraj/ros2_kratos/ros2_ws/build/turtle_controller/build --no-deps symlink_data --force
[5.352s] Level 1:colcon.colcon_core.shell:create_environment_hook('my_robot_controller', 'pythonpath_develop')
[5.357s] INFO:colcon.colcon_core.shell:Creating environment hook '/home/debraj/ros2_kratos/ros2_ws/build/my_robot_controller/share/my_robot_controller/hook/pythonpath_develop.ps1'
[5.359s] INFO:colcon.colcon_core.shell:Creating environment descriptor '/home/debraj/ros2_kratos/ros2_ws/build/my_robot_controller/share/my_robot_controller/hook/pythonpath_develop.dsv'
[5.353s] DEBUG:colcon.colcon_core.event_handler.log_command:Invoked command in '/home/debraj/ros2_kratos/ros2_ws/build/my_robot_controller' returned '0': PYTHONPATH=/home/debraj/ros2_kratos/ros2_ws/build/my_robot_controller/prefix_override:/usr/lib/python3/dist-packages/colcon_core/task/python/colcon_distutils_commands:/home/debraj/ros2_kratos/ros2_ws/install/my_robot_controller/lib/python3.10/site-packages:${PYTHONPATH} /usr/bin/python3 -W ignore:setup.py install is deprecated -W ignore:easy_install command is deprecated setup.py develop --editable --build-directory /home/debraj/ros2_kratos/ros2_ws/build/my_robot_controller/build --no-deps symlink_data
[5.364s] INFO:colcon.colcon_core.shell:Creating environment hook '/home/debraj/ros2_kratos/ros2_ws/build/my_robot_controller/share/my_robot_controller/hook/pythonpath_develop.sh'
[5.395s] Level 1:colcon.colcon_core.environment:checking '/home/debraj/ros2_kratos/ros2_ws/install/my_robot_controller' for CMake module files
[5.396s] Level 1:colcon.colcon_core.environment:checking '/home/debraj/ros2_kratos/ros2_ws/install/my_robot_controller' for CMake config files
[5.397s] Level 1:colcon.colcon_core.environment:checking '/home/debraj/ros2_kratos/ros2_ws/install/my_robot_controller/lib'
[5.397s] Level 1:colcon.colcon_core.environment:checking '/home/debraj/ros2_kratos/ros2_ws/install/my_robot_controller/bin'
[5.397s] Level 1:colcon.colcon_core.environment:checking '/home/debraj/ros2_kratos/ros2_ws/install/my_robot_controller/lib/pkgconfig/my_robot_controller.pc'
[5.398s] Level 1:colcon.colcon_core.environment:checking '/home/debraj/ros2_kratos/ros2_ws/install/my_robot_controller/lib/python3.10/site-packages'
[5.398s] Level 1:colcon.colcon_core.shell:create_environment_hook('my_robot_controller', 'pythonpath')
[5.399s] INFO:colcon.colcon_core.shell:Creating environment hook '/home/debraj/ros2_kratos/ros2_ws/install/my_robot_controller/share/my_robot_controller/hook/pythonpath.ps1'
[5.400s] INFO:colcon.colcon_core.shell:Creating environment descriptor '/home/debraj/ros2_kratos/ros2_ws/install/my_robot_controller/share/my_robot_controller/hook/pythonpath.dsv'
[5.401s] INFO:colcon.colcon_core.shell:Creating environment hook '/home/debraj/ros2_kratos/ros2_ws/install/my_robot_controller/share/my_robot_controller/hook/pythonpath.sh'
[5.402s] Level 1:colcon.colcon_core.environment:checking '/home/debraj/ros2_kratos/ros2_ws/install/my_robot_controller/bin'
[5.402s] Level 1:colcon.colcon_core.environment:create_environment_scripts_only(my_robot_controller)
[5.403s] INFO:colcon.colcon_core.shell:Creating package script '/home/debraj/ros2_kratos/ros2_ws/install/my_robot_controller/share/my_robot_controller/package.ps1'
[5.405s] INFO:colcon.colcon_core.shell:Creating package descriptor '/home/debraj/ros2_kratos/ros2_ws/install/my_robot_controller/share/my_robot_controller/package.dsv'
[5.409s] INFO:colcon.colcon_core.shell:Creating package script '/home/debraj/ros2_kratos/ros2_ws/install/my_robot_controller/share/my_robot_controller/package.sh'
[5.412s] INFO:colcon.colcon_core.shell:Creating package script '/home/debraj/ros2_kratos/ros2_ws/install/my_robot_controller/share/my_robot_controller/package.bash'
[5.415s] INFO:colcon.colcon_core.shell:Creating package script '/home/debraj/ros2_kratos/ros2_ws/install/my_robot_controller/share/my_robot_controller/package.zsh'
[5.420s] Level 1:colcon.colcon_core.environment:create_file_with_runtime_dependencies(/home/debraj/ros2_kratos/ros2_ws/install/my_robot_controller/share/colcon-core/packages/my_robot_controller)
[5.425s] Level 1:colcon.colcon_core.shell:create_environment_hook('turtle_controller', 'pythonpath_develop')
[5.426s] INFO:colcon.colcon_core.shell:Creating environment hook '/home/debraj/ros2_kratos/ros2_ws/build/turtle_controller/share/turtle_controller/hook/pythonpath_develop.ps1'
[5.427s] DEBUG:colcon.colcon_core.event_handler.log_command:Invoked command in '/home/debraj/ros2_kratos/ros2_ws/build/turtle_controller' returned '0': PYTHONPATH=/home/debraj/ros2_kratos/ros2_ws/build/turtle_controller/prefix_override:/usr/lib/python3/dist-packages/colcon_core/task/python/colcon_distutils_commands:/home/debraj/ros2_kratos/ros2_ws/install/turtle_controller/lib/python3.10/site-packages:${PYTHONPATH} /usr/bin/python3 -W ignore:setup.py install is deprecated -W ignore:easy_install command is deprecated setup.py develop --editable --build-directory /home/debraj/ros2_kratos/ros2_ws/build/turtle_controller/build --no-deps symlink_data --force
[5.428s] INFO:colcon.colcon_core.shell:Creating environment descriptor '/home/debraj/ros2_kratos/ros2_ws/build/turtle_controller/share/turtle_controller/hook/pythonpath_develop.dsv'
[5.429s] INFO:colcon.colcon_core.shell:Creating environment hook '/home/debraj/ros2_kratos/ros2_ws/build/turtle_controller/share/turtle_controller/hook/pythonpath_develop.sh'
[5.431s] Level 1:colcon.colcon_core.environment:checking '/home/debraj/ros2_kratos/ros2_ws/install/turtle_controller' for CMake module files
[5.432s] Level 1:colcon.colcon_core.environment:checking '/home/debraj/ros2_kratos/ros2_ws/install/turtle_controller' for CMake config files
[5.433s] Level 1:colcon.colcon_core.environment:checking '/home/debraj/ros2_kratos/ros2_ws/install/turtle_controller/lib'
[5.433s] Level 1:colcon.colcon_core.environment:checking '/home/debraj/ros2_kratos/ros2_ws/install/turtle_controller/bin'
[5.433s] Level 1:colcon.colcon_core.environment:checking '/home/debraj/ros2_kratos/ros2_ws/install/turtle_controller/lib/pkgconfig/turtle_controller.pc'
[5.434s] Level 1:colcon.colcon_core.environment:checking '/home/debraj/ros2_kratos/ros2_ws/install/turtle_controller/lib/python3.10/site-packages'
[5.434s] Level 1:colcon.colcon_core.shell:create_environment_hook('turtle_controller', 'pythonpath')
[5.434s] INFO:colcon.colcon_core.shell:Creating environment hook '/home/debraj/ros2_kratos/ros2_ws/install/turtle_controller/share/turtle_controller/hook/pythonpath.ps1'
[5.436s] INFO:colcon.colcon_core.shell:Creating environment descriptor '/home/debraj/ros2_kratos/ros2_ws/install/turtle_controller/share/turtle_controller/hook/pythonpath.dsv'
[5.438s] INFO:colcon.colcon_core.shell:Creating environment hook '/home/debraj/ros2_kratos/ros2_ws/install/turtle_controller/share/turtle_controller/hook/pythonpath.sh'
[5.441s] Level 1:colcon.colcon_core.environment:checking '/home/debraj/ros2_kratos/ros2_ws/install/turtle_controller/bin'
[5.441s] Level 1:colcon.colcon_core.environment:create_environment_scripts_only(turtle_controller)
[5.441s] INFO:colcon.colcon_core.shell:Creating package script '/home/debraj/ros2_kratos/ros2_ws/install/turtle_controller/share/turtle_controller/package.ps1'
[5.447s] INFO:colcon.colcon_core.shell:Creating package descriptor '/home/debraj/ros2_kratos/ros2_ws/install/turtle_controller/share/turtle_controller/package.dsv'
[5.450s] INFO:colcon.colcon_core.shell:Creating package script '/home/debraj/ros2_kratos/ros2_ws/install/turtle_controller/share/turtle_controller/package.sh'
[5.451s] INFO:colcon.colcon_core.shell:Creating package script '/home/debraj/ros2_kratos/ros2_ws/install/turtle_controller/share/turtle_controller/package.bash'
[5.452s] INFO:colcon.colcon_core.shell:Creating package script '/home/debraj/ros2_kratos/ros2_ws/install/turtle_controller/share/turtle_controller/package.zsh'
[5.453s] Level 1:colcon.colcon_core.environment:create_file_with_runtime_dependencies(/home/debraj/ros2_kratos/ros2_ws/install/turtle_controller/share/colcon-core/packages/turtle_controller)
[5.454s] DEBUG:colcon.colcon_parallel_executor.executor.parallel:closing loop
[5.455s] DEBUG:colcon.colcon_parallel_executor.executor.parallel:loop closed
[5.455s] DEBUG:colcon.colcon_parallel_executor.executor.parallel:run_until_complete finished with '0'
[5.455s] DEBUG:colcon.colcon_core.event_reactor:joining thread
[5.610s] INFO:colcon.colcon_core.plugin_system:Skipping extension 'colcon_notification.desktop_notification.terminal_notifier': Not used on non-Darwin systems
[5.610s] INFO:colcon.colcon_core.plugin_system:Skipping extension 'colcon_notification.desktop_notification.win32': Not used on non-Windows systems
[5.610s] INFO:colcon.colcon_notification.desktop_notification:Sending desktop notification using 'notify2'
[5.825s] DEBUG:colcon.colcon_core.event_reactor:joined thread
[5.825s] INFO:colcon.colcon_core.shell:Creating prefix script '/home/debraj/ros2_kratos/ros2_ws/install/local_setup.ps1'
[5.828s] INFO:colcon.colcon_core.shell:Creating prefix util module '/home/debraj/ros2_kratos/ros2_ws/install/_local_setup_util_ps1.py'
[5.833s] INFO:colcon.colcon_core.shell:Creating prefix chain script '/home/debraj/ros2_kratos/ros2_ws/install/setup.ps1'
[5.836s] INFO:colcon.colcon_core.shell:Creating prefix script '/home/debraj/ros2_kratos/ros2_ws/install/local_setup.sh'
[5.840s] INFO:colcon.colcon_core.shell:Creating prefix util module '/home/debraj/ros2_kratos/ros2_ws/install/_local_setup_util_sh.py'
[5.842s] INFO:colcon.colcon_core.shell:Creating prefix chain script '/home/debraj/ros2_kratos/ros2_ws/install/setup.sh'
[5.848s] INFO:colcon.colcon_core.shell:Creating prefix script '/home/debraj/ros2_kratos/ros2_ws/install/local_setup.bash'
[5.852s] INFO:colcon.colcon_core.shell:Creating prefix chain script '/home/debraj/ros2_kratos/ros2_ws/install/setup.bash'
[5.865s] INFO:colcon.colcon_core.shell:Creating prefix script '/home/debraj/ros2_kratos/ros2_ws/install/local_setup.zsh'
[5.870s] INFO:colcon.colcon_core.shell:Creating prefix chain script '/home/debraj/ros2_kratos/ros2_ws/install/setup.zsh'
