[0.450s] Invoking command in '/home/debraj/ros2_kratos/ros2_ws/build/turtle_controller': PYTHONPATH=/home/debraj/ros2_kratos/ros2_ws/build/turtle_controller/prefix_override:/usr/lib/python3/dist-packages/colcon_core/task/python/colcon_distutils_commands:/home/debraj/ros2_kratos/ros2_ws/install/turtle_controller/lib/python3.10/site-packages:${PYTHONPATH} /usr/bin/python3 -W ignore:setup.py install is deprecated -W ignore:easy_install command is deprecated setup.py develop --uninstall --editable --build-directory /home/debraj/ros2_kratos/ros2_ws/build/turtle_controller/build
[0.620s] running develop
[0.737s] Removing /home/debraj/ros2_kratos/ros2_ws/install/turtle_controller/lib/python3.10/site-packages/turtle-controller.egg-link (link to .)
[0.765s] Invoked command in '/home/debraj/ros2_kratos/ros2_ws/build/turtle_controller' returned '0': PYTHONPATH=/home/debraj/ros2_kratos/ros2_ws/build/turtle_controller/prefix_override:/usr/lib/python3/dist-packages/colcon_core/task/python/colcon_distutils_commands:/home/debraj/ros2_kratos/ros2_ws/install/turtle_controller/lib/python3.10/site-packages:${PYTHONPATH} /usr/bin/python3 -W ignore:setup.py install is deprecated -W ignore:easy_install command is deprecated setup.py develop --uninstall --editable --build-directory /home/debraj/ros2_kratos/ros2_ws/build/turtle_controller/build
[0.767s] Invoking command in '/home/debraj/ros2_kratos/ros2_ws/src/turtle_controller': PYTHONPATH=/home/debraj/ros2_kratos/ros2_ws/build/turtle_controller/prefix_override:/usr/lib/python3/dist-packages/colcon_core/task/python/colcon_distutils_commands:/home/debraj/ros2_kratos/ros2_ws/install/turtle_controller/lib/python3.10/site-packages:${PYTHONPATH} /usr/bin/python3 -W ignore:setup.py install is deprecated -W ignore:easy_install command is deprecated setup.py egg_info --egg-base ../../build/turtle_controller build --build-base /home/debraj/ros2_kratos/ros2_ws/build/turtle_controller/build install --record /home/debraj/ros2_kratos/ros2_ws/build/turtle_controller/install.log --single-version-externally-managed install_data --force
[0.944s] running egg_info
[0.944s] writing ../../build/turtle_controller/turtle_controller.egg-info/PKG-INFO
[0.944s] writing dependency_links to ../../build/turtle_controller/turtle_controller.egg-info/dependency_links.txt
[0.944s] writing entry points to ../../build/turtle_controller/turtle_controller.egg-info/entry_points.txt
[0.944s] writing requirements to ../../build/turtle_controller/turtle_controller.egg-info/requires.txt
[0.944s] writing top-level names to ../../build/turtle_controller/turtle_controller.egg-info/top_level.txt
[0.947s] reading manifest file '../../build/turtle_controller/turtle_controller.egg-info/SOURCES.txt'
[0.947s] writing manifest file '../../build/turtle_controller/turtle_controller.egg-info/SOURCES.txt'
[0.947s] running build
[0.947s] running build_py
[0.947s] creating /home/debraj/ros2_kratos/ros2_ws/build/turtle_controller/build
[0.947s] creating /home/debraj/ros2_kratos/ros2_ws/build/turtle_controller/build/lib
[0.947s] creating /home/debraj/ros2_kratos/ros2_ws/build/turtle_controller/build/lib/turtle_controller
[0.948s] copying turtle_controller/turtle_velocity_publisher.py -> /home/debraj/ros2_kratos/ros2_ws/build/turtle_controller/build/lib/turtle_controller
[0.948s] copying turtle_controller/__init__.py -> /home/debraj/ros2_kratos/ros2_ws/build/turtle_controller/build/lib/turtle_controller
[0.948s] running install
[0.950s] running install_lib
[0.950s] creating /home/debraj/ros2_kratos/ros2_ws/install/turtle_controller/lib/python3.10/site-packages/turtle_controller
[0.950s] copying /home/debraj/ros2_kratos/ros2_ws/build/turtle_controller/build/lib/turtle_controller/turtle_velocity_publisher.py -> /home/debraj/ros2_kratos/ros2_ws/install/turtle_controller/lib/python3.10/site-packages/turtle_controller
[0.950s] copying /home/debraj/ros2_kratos/ros2_ws/build/turtle_controller/build/lib/turtle_controller/__init__.py -> /home/debraj/ros2_kratos/ros2_ws/install/turtle_controller/lib/python3.10/site-packages/turtle_controller
[0.950s] byte-compiling /home/debraj/ros2_kratos/ros2_ws/install/turtle_controller/lib/python3.10/site-packages/turtle_controller/turtle_velocity_publisher.py to turtle_velocity_publisher.cpython-310.pyc
[0.951s] byte-compiling /home/debraj/ros2_kratos/ros2_ws/install/turtle_controller/lib/python3.10/site-packages/turtle_controller/__init__.py to __init__.cpython-310.pyc
[0.951s] running install_data
[0.951s] copying resource/turtle_controller -> /home/debraj/ros2_kratos/ros2_ws/install/turtle_controller/share/ament_index/resource_index/packages
[0.951s] copying package.xml -> /home/debraj/ros2_kratos/ros2_ws/install/turtle_controller/share/turtle_controller
[0.951s] running install_egg_info
[0.954s] Copying ../../build/turtle_controller/turtle_controller.egg-info to /home/debraj/ros2_kratos/ros2_ws/install/turtle_controller/lib/python3.10/site-packages/turtle_controller-0.0.0-py3.10.egg-info
[0.956s] running install_scripts
[0.973s] Installing turtle_velocity script to /home/debraj/ros2_kratos/ros2_ws/install/turtle_controller/lib/turtle_controller
[0.973s] writing list of installed files to '/home/debraj/ros2_kratos/ros2_ws/build/turtle_controller/install.log'
[0.997s] Invoked command in '/home/debraj/ros2_kratos/ros2_ws/src/turtle_controller' returned '0': PYTHONPATH=/home/debraj/ros2_kratos/ros2_ws/build/turtle_controller/prefix_override:/usr/lib/python3/dist-packages/colcon_core/task/python/colcon_distutils_commands:/home/debraj/ros2_kratos/ros2_ws/install/turtle_controller/lib/python3.10/site-packages:${PYTHONPATH} /usr/bin/python3 -W ignore:setup.py install is deprecated -W ignore:easy_install command is deprecated setup.py egg_info --egg-base ../../build/turtle_controller build --build-base /home/debraj/ros2_kratos/ros2_ws/build/turtle_controller/build install --record /home/debraj/ros2_kratos/ros2_ws/build/turtle_controller/install.log --single-version-externally-managed install_data --force
